G:\HABRAHABR_VS_DEBUGGER\HABRALINEDEBUGVISUALIZER\CLIBRIDGE\DEBUG\CLIBRIDGE.OBJ
G:\HABRAHABR_VS_DEBUGGER\HABRALINEDEBUGVISUALIZER\CLIBRIDGE\DEBUG\ASSEMBLYINFO.OBJ
G:\HABRAHABR_VS_DEBUGGER\HABRALINEDEBUGVISUALIZER\CLIBRIDGE\DEBUG\VC110.PDB
G:\HABRAHABR_VS_DEBUGGER\HABRALINEDEBUGVISUALIZER\CLIBRIDGE\DEBUG\.NETFRAMEWORK,VERSION=V4.5.ASSEMBLYATTRIBUTES.OBJ
G:\HABRAHABR_VS_DEBUGGER\HABRALINEDEBUGVISUALIZER\CLIBRIDGE\DEBUG\CLIBRIDGE.ILK
G:\HABRAHABR_VS_DEBUGGER\HABRALINEDEBUGVISUALIZER\CLIBRIDGE\DEBUG\CLIBRIDGE.DLL
G:\HABRAHABR_VS_DEBUGGER\HABRALINEDEBUGVISUALIZER\CLIBRIDGE\DEBUG\CLIBRIDGE.PDB
G:\HABRAHABR_VS_DEBUGGER\HABRALINEDEBUGVISUALIZER\CLIBRIDGE\DEBUG\APP.RES
G:\HABRAHABR_VS_DEBUGGER\HabraLineDebugVisualizer\CLIBridge\Debug\CLIBridge.vcxprojResolveAssemblyReference.cache
G:\HABRAHABR_VS_DEBUGGER\HabraLineDebugVisualizer\CLIBridge\Debug\.NETFramework,Version=v4.5.AssemblyAttributes.obj
G:\HABRAHABR_VS_DEBUGGER\HabraLineDebugVisualizer\CLIBridge\Debug\AssemblyInfo.obj
G:\HABRAHABR_VS_DEBUGGER\HabraLineDebugVisualizer\CLIBridge\Debug\CLIBridge.obj
G:\HABRAHABR_VS_DEBUGGER\HabraLineDebugVisualizer\CLIBridge\Debug\CLIBridge.ilk
G:\HABRAHABR_VS_DEBUGGER\HabraLineDebugVisualizer\CLIBridge\Debug\cl.command.1.tlog
G:\HABRAHABR_VS_DEBUGGER\HabraLineDebugVisualizer\CLIBridge\Debug\CL.read.1.tlog
G:\HABRAHABR_VS_DEBUGGER\HabraLineDebugVisualizer\CLIBridge\Debug\CL.write.1.tlog
G:\HABRAHABR_VS_DEBUGGER\HabraLineDebugVisualizer\CLIBridge\Debug\link.10308-cvtres.read.1.tlog
G:\HABRAHABR_VS_DEBUGGER\HabraLineDebugVisualizer\CLIBridge\Debug\link.10308-cvtres.write.1.tlog
G:\HABRAHABR_VS_DEBUGGER\HabraLineDebugVisualizer\CLIBridge\Debug\link.10308-rc.read.1.tlog
G:\HABRAHABR_VS_DEBUGGER\HabraLineDebugVisualizer\CLIBridge\Debug\link.10308-rc.write.1.tlog
G:\HABRAHABR_VS_DEBUGGER\HabraLineDebugVisualizer\CLIBridge\Debug\link.10308.read.1.tlog
G:\HABRAHABR_VS_DEBUGGER\HabraLineDebugVisualizer\CLIBridge\Debug\link.10308.write.1.tlog
G:\HABRAHABR_VS_DEBUGGER\HabraLineDebugVisualizer\CLIBridge\Debug\link.command.1.tlog
G:\HABRAHABR_VS_DEBUGGER\HabraLineDebugVisualizer\CLIBridge\Debug\link.read.1.tlog
G:\HABRAHABR_VS_DEBUGGER\HabraLineDebugVisualizer\CLIBridge\Debug\link.write.1.tlog
G:\HABRAHABR_VS_DEBUGGER\HabraLineDebugVisualizer\CLIBridge\Debug\metagen.read.1.tlog
G:\HABRAHABR_VS_DEBUGGER\HabraLineDebugVisualizer\CLIBridge\Debug\metagen.write.1.tlog
G:\HABRAHABR_VS_DEBUGGER\HabraLineDebugVisualizer\CLIBridge\Debug\rc.command.1.tlog
G:\HABRAHABR_VS_DEBUGGER\HabraLineDebugVisualizer\CLIBridge\Debug\rc.read.1.tlog
G:\HABRAHABR_VS_DEBUGGER\HabraLineDebugVisualizer\CLIBridge\Debug\rc.write.1.tlog
G:\HABRAHABR_VS_DEBUGGER\HabraLineDebugVisualizer\CLIBridge\Debug\app.res
G:\HABRAHABR_VS_DEBUGGER\HabraLineDebugVisualizer\CLIBridge\Debug\CLIBridge.pdb
G:\HABRAHABR_VS_DEBUGGER\HabraLineDebugVisualizer\CLIBridge\Debug\vc110.pdb
G:\HABRAHABR_VS_DEBUGGER\HabraLineDebugVisualizer\CLIBridge\Debug\CLIBridge.dll.metagen
G:\HABRAHABR_VS_DEBUGGER\HabraLineDebugVisualizer\CLIBridge\Debug\TZRES.DLL.bi
G:\HABRAHABR_VS_DEBUGGER\HabraLineDebugVisualizer\CLIBridge\Debug\CLIBridge.dll
