G:\HABRAHABR_VS_DEBUGGER\HABRALINEDEBUGVISUALIZER\LINEDESERIALIZER\DEBUG\LINEDESERIALIZER.OBJ
G:\HABRAHABR_VS_DEBUGGER\HABRALINEDEBUGVISUALIZER\LINEDESERIALIZER\DEBUG\VC110.PDB
G:\HABRAHABR_VS_DEBUGGER\HabraLineDebugVisualizer\LineDeserializer\Debug\HabraLineDeserializer.lib
G:\HABRAHABR_VS_DEBUGGER\HabraLineDebugVisualizer\LineDeserializer\Debug\HabraLineDeserializer.exp
G:\HABRAHABR_VS_DEBUGGER\HABRALINEDEBUGVISUALIZER\LINEDESERIALIZER\DEBUG\HABRALINEDESERIALIZER.ILK
G:\HABRAHABR_VS_DEBUGGER\HABRALINEDEBUGVISUALIZER\LINEDESERIALIZER\DEBUG\HABRALINEDESERIALIZER.DLL
G:\HABRAHABR_VS_DEBUGGER\HABRALINEDEBUGVISUALIZER\LINEDESERIALIZER\DEBUG\HABRALINEDESERIALIZER.PDB
G:\HABRAHABR_VS_DEBUGGER\HabraLineDebugVisualizer\LineDeserializer\Debug\LineDeserializer.obj
G:\HABRAHABR_VS_DEBUGGER\HabraLineDebugVisualizer\LineDeserializer\Debug\HabraLineDeserializer.ilk
G:\HABRAHABR_VS_DEBUGGER\HabraLineDebugVisualizer\LineDeserializer\Debug\cl.command.1.tlog
G:\HABRAHABR_VS_DEBUGGER\HabraLineDebugVisualizer\LineDeserializer\Debug\CL.read.1.tlog
G:\HABRAHABR_VS_DEBUGGER\HabraLineDebugVisualizer\LineDeserializer\Debug\CL.write.1.tlog
G:\HABRAHABR_VS_DEBUGGER\HabraLineDebugVisualizer\LineDeserializer\Debug\HabraLineDeserializer.write.1.tlog
G:\HABRAHABR_VS_DEBUGGER\HabraLineDebugVisualizer\LineDeserializer\Debug\link-cvtres.read.1.tlog
G:\HABRAHABR_VS_DEBUGGER\HabraLineDebugVisualizer\LineDeserializer\Debug\link-cvtres.write.1.tlog
G:\HABRAHABR_VS_DEBUGGER\HabraLineDebugVisualizer\LineDeserializer\Debug\link-rc.read.1.tlog
G:\HABRAHABR_VS_DEBUGGER\HabraLineDebugVisualizer\LineDeserializer\Debug\link-rc.write.1.tlog
G:\HABRAHABR_VS_DEBUGGER\HabraLineDebugVisualizer\LineDeserializer\Debug\link.command.1.tlog
G:\HABRAHABR_VS_DEBUGGER\HabraLineDebugVisualizer\LineDeserializer\Debug\link.read.1.tlog
G:\HABRAHABR_VS_DEBUGGER\HabraLineDebugVisualizer\LineDeserializer\Debug\link.write.1.tlog
G:\HABRAHABR_VS_DEBUGGER\HabraLineDebugVisualizer\LineDeserializer\Debug\vc110.idb
G:\HABRAHABR_VS_DEBUGGER\HabraLineDebugVisualizer\LineDeserializer\Debug\HabraLineDeserializer.pdb
G:\HABRAHABR_VS_DEBUGGER\HabraLineDebugVisualizer\LineDeserializer\Debug\vc110.pdb
G:\HABRAHABR_VS_DEBUGGER\HabraLineDebugVisualizer\LineDeserializer\Debug\HabraLineDeserializer.dll
